修改列表
0.0.1 2009-12-02
运行方法：进入netmanager目录，运行sudo ./netmanager
能获取静态ip的，使用eth0的单网卡机器的网络信息
普通用户使用sudo ./netmanager能修改静态ip的，使用eth0的单网卡机器的网络信息
能重启网卡
0.0.2 2009-12-09
增加了多网卡支持，但仍只支持静态ip
增加了菜单，增加了版本信息
修改了界面，增加了表格显示多网卡
0.0.3 2009-12-12
刚启动程序时，就显示网卡信息
固定窗体大小，不允许用户鼠标拖动改大小
0.0.4 2009-12-22
修改了读取网卡信息的代码，原来从/etc/sysconfig/network-scripts/目录解析得到，改成从/sys/class/net/目录解析得到。
0.0.5 2009-12-26
修改了域名服务器保存的方法，改为保存到/etc/ppp/resolv.conf，并重新建立硬链接/etc/resolv.conf
增加了对dhcp的支持
修改了界面，隐藏了单网卡修改网关的列
0.0.6 2010-01-15
增加了托盘图标和定时器，每5秒检查一次表格中第一行的网卡的状态，如果状态变化，则在托盘提示，并更换图标
增加了关闭和隐藏的功能，可以只显示托盘图标
0.0.7 2010-01-24
修正了网关保存时，如果原来配置中没有则无法保存的bug
修正了关闭提示
修改了联通时图标
0.0.8 2010-01-28
修改了读取图标的路径为/etc/netmanager，将tong.jpg和butong.jpg复制到/etc/netmanager目录才能正常显示
0.0.9 2010-01-30
修改了读取图标的路径为/usr/share/netmanager，将tong.jpg和butong.jpg复制到/usr/share/netmanager目录才能正常显示
0.0.10 2010-02-05
修改了读取图标的路径为/usr/share/pixmaps/netmanager，将tong.jpg和butong.jpg复制到/usr/share/pixmaps/netmanager目录才能正常显示
---------------------------------------------------------------------------------------------------
0.1.0 2010-02-22
修改了主窗体图标
增加了无线网卡支持，本版本只支持动态ip且没有密码的无线网络，有密码的没有连接成功
0.1.1 2010-02-22
修改了无线网络密码的设置方法，输入密码后可以连接了
0.1.2 2010-02-23
在连接无线网络时，增加了重启dhclient的操作
修改了无线网络密码的设置方法，允许手动选择是否使用ASCII，经测试，只能在wep加密模式下连接成功，在wpa模式下连接失败。
0.1.3 2010-03-02 
修改了托盘事件和时间事件的处理函数名称，去掉了on_前缀，避免后台产生警告
0.1.4 2010-03-25
修改了主窗体的标题和图片
部分国际化，保证在gb18030和utf8情况下没有乱码，qm和ts文件都发布到/usr/share/netmanager/netmanager
0.1.5 2010-03-28
所有字符串都国际化
0.1.6 2010-04-05
增加了无线网络wpa加密方式的支持，在wpa-psk的tkip模式下测试通过

